2016-08-22 10:49:48,801 [Worker-1] INFO  o.e.m.c.i.l.LifecycleMappingFactory - Using org.eclipse.m2e.jdt.JarLifecycleMapping lifecycle mapping for MavenProject: cs544.mum.edu:EAExtraCreditSpring:0.0.1-SNAPSHOT @ G:\git\EAExtraCreditSpring\EAExtraCreditSpring\pom.xml.
2016-08-22 10:49:51,265 [Worker-1] INFO  o.e.m.j.i.AbstractJavaProjectConfigurator - Adding source folder /EAExtraCreditSpring/src/main/java
2016-08-22 10:49:51,267 [Worker-1] INFO  o.e.m.j.i.AbstractJavaProjectConfigurator - Adding resource folder /EAExtraCreditSpring/src/main/resources
2016-08-22 10:49:51,268 [Worker-1] INFO  o.e.m.j.i.AbstractJavaProjectConfigurator - Adding source folder /EAExtraCreditSpring/src/test/java
2016-08-22 10:49:51,268 [Worker-1] INFO  o.e.m.j.i.AbstractJavaProjectConfigurator - Adding resource folder /EAExtraCreditSpring/src/test/resources
2016-08-22 10:49:54,996 [Worker-1] WARN  o.e.m.c.i.embedder.EclipseLogger - Using platform encoding (Cp1252 actually) to copy filtered resources, i.e. build is platform dependent!
2016-08-22 10:49:55,009 [Worker-1] INFO  o.e.m.c.i.embedder.EclipseLogger - Copying 0 resource
2016-08-22 10:49:55,014 [Worker-1] WARN  o.e.m.c.i.embedder.EclipseLogger - Using platform encoding (Cp1252 actually) to copy filtered resources, i.e. build is platform dependent!
2016-08-22 10:49:55,095 [Worker-1] INFO  o.e.m.c.i.embedder.EclipseLogger - Copying 0 resource
2016-08-22 10:52:43,432 [Worker-11] INFO  o.e.m.c.i.l.LifecycleMappingFactory - Using org.eclipse.m2e.jdt.JarLifecycleMapping lifecycle mapping for MavenProject: cs544.mum.edu:EAExtraCreditSpring:0.0.1-SNAPSHOT @ G:\git\EAExtraCreditSpring\EAExtraCreditSpring\pom.xml.
2016-08-22 10:52:44,855 [Worker-11] WARN  o.e.m.c.i.embedder.EclipseLogger - Using platform encoding (Cp1252 actually) to copy filtered resources, i.e. build is platform dependent!
2016-08-22 10:52:44,893 [Worker-11] INFO  o.e.m.c.i.embedder.EclipseLogger - Copying 0 resource
2016-08-22 10:52:44,896 [Worker-11] WARN  o.e.m.c.i.embedder.EclipseLogger - Using platform encoding (Cp1252 actually) to copy filtered resources, i.e. build is platform dependent!
2016-08-22 10:52:44,902 [Worker-11] INFO  o.e.m.c.i.embedder.EclipseLogger - Copying 0 resource
2016-08-22 10:52:46,536 [Worker-2] WARN  o.e.m.c.i.embedder.EclipseLogger - Using platform encoding (Cp1252 actually) to copy filtered resources, i.e. build is platform dependent!
2016-08-22 10:52:46,591 [Worker-2] INFO  o.e.m.c.i.embedder.EclipseLogger - Copying 0 resource
2016-08-22 10:52:46,593 [Worker-2] WARN  o.e.m.c.i.embedder.EclipseLogger - Using platform encoding (Cp1252 actually) to copy filtered resources, i.e. build is platform dependent!
2016-08-22 10:52:46,599 [Worker-2] INFO  o.e.m.c.i.embedder.EclipseLogger - Copying 0 resource
2016-08-22 11:07:26,422 [Worker-17] INFO  o.e.m.c.i.l.LifecycleMappingFactory - Using org.eclipse.m2e.jdt.JarLifecycleMapping lifecycle mapping for MavenProject: cs544.mum.edu:EAExtraCreditSpring:0.0.1-SNAPSHOT @ G:\git\EAExtraCreditSpring\EAExtraCreditSpring\pom.xml.
2016-08-22 11:07:28,643 [Worker-17] WARN  o.e.m.c.i.embedder.EclipseLogger - Using platform encoding (Cp1252 actually) to copy filtered resources, i.e. build is platform dependent!
2016-08-22 11:07:28,676 [Worker-17] INFO  o.e.m.c.i.embedder.EclipseLogger - Copying 0 resource
2016-08-22 11:07:28,678 [Worker-17] WARN  o.e.m.c.i.embedder.EclipseLogger - Using platform encoding (Cp1252 actually) to copy filtered resources, i.e. build is platform dependent!
2016-08-22 11:07:28,683 [Worker-17] INFO  o.e.m.c.i.embedder.EclipseLogger - Copying 0 resource
2016-08-22 11:07:30,543 [Worker-19] WARN  o.e.m.c.i.embedder.EclipseLogger - Using platform encoding (Cp1252 actually) to copy filtered resources, i.e. build is platform dependent!
2016-08-22 11:07:30,552 [Worker-19] INFO  o.e.m.c.i.embedder.EclipseLogger - Copying 0 resource
2016-08-22 11:07:30,554 [Worker-19] WARN  o.e.m.c.i.embedder.EclipseLogger - Using platform encoding (Cp1252 actually) to copy filtered resources, i.e. build is platform dependent!
2016-08-22 11:07:30,612 [Worker-19] INFO  o.e.m.c.i.embedder.EclipseLogger - Copying 0 resource
2016-08-22 11:08:57,447 [Worker-19] WARN  o.e.m.c.i.embedder.EclipseLogger - Using platform encoding (Cp1252 actually) to copy filtered resources, i.e. build is platform dependent!
2016-08-22 11:08:57,474 [Worker-19] INFO  o.e.m.c.i.embedder.EclipseLogger - Copying 1 resource
2016-08-22 11:08:57,506 [Worker-19] WARN  o.e.m.c.i.embedder.EclipseLogger - Using platform encoding (Cp1252 actually) to copy filtered resources, i.e. build is platform dependent!
2016-08-22 11:08:57,510 [Worker-19] INFO  o.e.m.c.i.embedder.EclipseLogger - Copying 0 resource
2016-08-22 11:10:06,373 [Worker-18] WARN  o.e.m.c.i.embedder.EclipseLogger - Using platform encoding (Cp1252 actually) to copy filtered resources, i.e. build is platform dependent!
2016-08-22 11:10:06,387 [Worker-18] INFO  o.e.m.c.i.embedder.EclipseLogger - Copying 1 resource
2016-08-22 11:10:06,389 [Worker-18] WARN  o.e.m.c.i.embedder.EclipseLogger - Using platform encoding (Cp1252 actually) to copy filtered resources, i.e. build is platform dependent!
2016-08-22 11:10:06,397 [Worker-18] INFO  o.e.m.c.i.embedder.EclipseLogger - Copying 0 resource
2016-08-22 11:10:23,452 [Worker-16] WARN  o.e.m.c.i.embedder.EclipseLogger - Using platform encoding (Cp1252 actually) to copy filtered resources, i.e. build is platform dependent!
2016-08-22 11:10:23,459 [Worker-16] INFO  o.e.m.c.i.embedder.EclipseLogger - Copying 1 resource
2016-08-22 11:10:23,462 [Worker-16] WARN  o.e.m.c.i.embedder.EclipseLogger - Using platform encoding (Cp1252 actually) to copy filtered resources, i.e. build is platform dependent!
2016-08-22 11:10:23,468 [Worker-16] INFO  o.e.m.c.i.embedder.EclipseLogger - Copying 0 resource
2016-08-22 11:10:52,215 [Worker-17] WARN  o.e.m.c.i.embedder.EclipseLogger - Using platform encoding (Cp1252 actually) to copy filtered resources, i.e. build is platform dependent!
2016-08-22 11:10:52,219 [Worker-17] INFO  o.e.m.c.i.embedder.EclipseLogger - Copying 1 resource
2016-08-22 11:10:52,222 [Worker-17] WARN  o.e.m.c.i.embedder.EclipseLogger - Using platform encoding (Cp1252 actually) to copy filtered resources, i.e. build is platform dependent!
2016-08-22 11:10:52,227 [Worker-17] INFO  o.e.m.c.i.embedder.EclipseLogger - Copying 0 resource
2016-08-22 11:11:15,520 [Worker-18] WARN  o.e.m.c.i.embedder.EclipseLogger - Using platform encoding (Cp1252 actually) to copy filtered resources, i.e. build is platform dependent!
2016-08-22 11:11:15,526 [Worker-18] INFO  o.e.m.c.i.embedder.EclipseLogger - Copying 1 resource
2016-08-22 11:11:15,527 [Worker-18] WARN  o.e.m.c.i.embedder.EclipseLogger - Using platform encoding (Cp1252 actually) to copy filtered resources, i.e. build is platform dependent!
2016-08-22 11:11:15,532 [Worker-18] INFO  o.e.m.c.i.embedder.EclipseLogger - Copying 0 resource
2016-08-22 11:31:57,531 [Worker-26] WARN  o.e.m.c.i.embedder.EclipseLogger - Using platform encoding (Cp1252 actually) to copy filtered resources, i.e. build is platform dependent!
2016-08-22 11:31:57,597 [Worker-26] INFO  o.e.m.c.i.embedder.EclipseLogger - Copying 1 resource
2016-08-22 11:31:57,600 [Worker-26] WARN  o.e.m.c.i.embedder.EclipseLogger - Using platform encoding (Cp1252 actually) to copy filtered resources, i.e. build is platform dependent!
2016-08-22 11:31:57,607 [Worker-26] INFO  o.e.m.c.i.embedder.EclipseLogger - Copying 0 resource
2016-08-22 11:31:58,751 [Worker-24] WARN  o.e.m.c.i.embedder.EclipseLogger - Using platform encoding (Cp1252 actually) to copy filtered resources, i.e. build is platform dependent!
2016-08-22 11:31:58,786 [Worker-24] INFO  o.e.m.c.i.embedder.EclipseLogger - Copying 0 resource
2016-08-22 11:31:58,787 [Worker-24] WARN  o.e.m.c.i.embedder.EclipseLogger - Using platform encoding (Cp1252 actually) to copy filtered resources, i.e. build is platform dependent!
2016-08-22 11:31:58,792 [Worker-24] INFO  o.e.m.c.i.embedder.EclipseLogger - Copying 0 resource
2016-08-22 11:37:25,966 [Worker-29] WARN  o.e.m.c.i.embedder.EclipseLogger - Using platform encoding (Cp1252 actually) to copy filtered resources, i.e. build is platform dependent!
2016-08-22 11:37:26,020 [Worker-29] INFO  o.e.m.c.i.embedder.EclipseLogger - Copying 1 resource
2016-08-22 11:37:26,023 [Worker-29] WARN  o.e.m.c.i.embedder.EclipseLogger - Using platform encoding (Cp1252 actually) to copy filtered resources, i.e. build is platform dependent!
2016-08-22 11:37:26,030 [Worker-29] INFO  o.e.m.c.i.embedder.EclipseLogger - Copying 0 resource
2016-08-22 11:37:42,735 [Worker-27] WARN  o.e.m.c.i.embedder.EclipseLogger - Using platform encoding (Cp1252 actually) to copy filtered resources, i.e. build is platform dependent!
2016-08-22 11:37:42,782 [Worker-27] INFO  o.e.m.c.i.embedder.EclipseLogger - Copying 1 resource
2016-08-22 11:37:42,784 [Worker-27] WARN  o.e.m.c.i.embedder.EclipseLogger - Using platform encoding (Cp1252 actually) to copy filtered resources, i.e. build is platform dependent!
2016-08-22 11:37:42,791 [Worker-27] INFO  o.e.m.c.i.embedder.EclipseLogger - Copying 0 resource
2016-08-22 11:38:11,408 [Worker-29] WARN  o.e.m.c.i.embedder.EclipseLogger - Using platform encoding (Cp1252 actually) to copy filtered resources, i.e. build is platform dependent!
2016-08-22 11:38:11,491 [Worker-29] INFO  o.e.m.c.i.embedder.EclipseLogger - Copying 1 resource
2016-08-22 11:38:11,494 [Worker-29] WARN  o.e.m.c.i.embedder.EclipseLogger - Using platform encoding (Cp1252 actually) to copy filtered resources, i.e. build is platform dependent!
2016-08-22 11:38:11,507 [Worker-29] INFO  o.e.m.c.i.embedder.EclipseLogger - Copying 0 resource
2016-08-22 11:38:45,136 [Worker-30] WARN  o.e.m.c.i.embedder.EclipseLogger - Using platform encoding (Cp1252 actually) to copy filtered resources, i.e. build is platform dependent!
2016-08-22 11:38:45,161 [Worker-30] INFO  o.e.m.c.i.embedder.EclipseLogger - Copying 1 resource
2016-08-22 11:38:45,163 [Worker-30] WARN  o.e.m.c.i.embedder.EclipseLogger - Using platform encoding (Cp1252 actually) to copy filtered resources, i.e. build is platform dependent!
2016-08-22 11:38:45,170 [Worker-30] INFO  o.e.m.c.i.embedder.EclipseLogger - Copying 0 resource
2016-08-22 11:39:05,871 [Worker-24] WARN  o.e.m.c.i.embedder.EclipseLogger - Using platform encoding (Cp1252 actually) to copy filtered resources, i.e. build is platform dependent!
2016-08-22 11:39:05,909 [Worker-24] INFO  o.e.m.c.i.embedder.EclipseLogger - Copying 1 resource
2016-08-22 11:39:05,925 [Worker-24] WARN  o.e.m.c.i.embedder.EclipseLogger - Using platform encoding (Cp1252 actually) to copy filtered resources, i.e. build is platform dependent!
2016-08-22 11:39:05,930 [Worker-24] INFO  o.e.m.c.i.embedder.EclipseLogger - Copying 0 resource
2016-08-22 11:39:20,466 [Worker-29] WARN  o.e.m.c.i.embedder.EclipseLogger - Using platform encoding (Cp1252 actually) to copy filtered resources, i.e. build is platform dependent!
2016-08-22 11:39:20,534 [Worker-29] INFO  o.e.m.c.i.embedder.EclipseLogger - Copying 1 resource
2016-08-22 11:39:20,538 [Worker-29] WARN  o.e.m.c.i.embedder.EclipseLogger - Using platform encoding (Cp1252 actually) to copy filtered resources, i.e. build is platform dependent!
2016-08-22 11:39:20,617 [Worker-29] INFO  o.e.m.c.i.embedder.EclipseLogger - Copying 0 resource
2016-08-22 11:39:43,900 [Worker-32] WARN  o.e.m.c.i.embedder.EclipseLogger - Using platform encoding (Cp1252 actually) to copy filtered resources, i.e. build is platform dependent!
2016-08-22 11:39:43,931 [Worker-32] INFO  o.e.m.c.i.embedder.EclipseLogger - Copying 1 resource
2016-08-22 11:39:43,950 [Worker-32] WARN  o.e.m.c.i.embedder.EclipseLogger - Using platform encoding (Cp1252 actually) to copy filtered resources, i.e. build is platform dependent!
2016-08-22 11:39:43,957 [Worker-32] INFO  o.e.m.c.i.embedder.EclipseLogger - Copying 0 resource
2016-08-22 11:39:59,830 [Worker-29] WARN  o.e.m.c.i.embedder.EclipseLogger - Using platform encoding (Cp1252 actually) to copy filtered resources, i.e. build is platform dependent!
2016-08-22 11:39:59,868 [Worker-29] INFO  o.e.m.c.i.embedder.EclipseLogger - Copying 1 resource
2016-08-22 11:39:59,870 [Worker-29] WARN  o.e.m.c.i.embedder.EclipseLogger - Using platform encoding (Cp1252 actually) to copy filtered resources, i.e. build is platform dependent!
2016-08-22 11:39:59,876 [Worker-29] INFO  o.e.m.c.i.embedder.EclipseLogger - Copying 0 resource
2016-08-22 11:40:17,766 [Worker-31] WARN  o.e.m.c.i.embedder.EclipseLogger - Using platform encoding (Cp1252 actually) to copy filtered resources, i.e. build is platform dependent!
2016-08-22 11:40:17,772 [Worker-31] INFO  o.e.m.c.i.embedder.EclipseLogger - Copying 1 resource
2016-08-22 11:40:17,774 [Worker-31] WARN  o.e.m.c.i.embedder.EclipseLogger - Using platform encoding (Cp1252 actually) to copy filtered resources, i.e. build is platform dependent!
2016-08-22 11:40:17,781 [Worker-31] INFO  o.e.m.c.i.embedder.EclipseLogger - Copying 0 resource
2016-08-22 11:55:25,320 [Worker-37] WARN  o.e.m.c.i.embedder.EclipseLogger - Using platform encoding (Cp1252 actually) to copy filtered resources, i.e. build is platform dependent!
2016-08-22 11:55:25,325 [Worker-37] INFO  o.e.m.c.i.embedder.EclipseLogger - Copying 1 resource
2016-08-22 11:55:25,327 [Worker-37] WARN  o.e.m.c.i.embedder.EclipseLogger - Using platform encoding (Cp1252 actually) to copy filtered resources, i.e. build is platform dependent!
2016-08-22 11:55:25,331 [Worker-37] INFO  o.e.m.c.i.embedder.EclipseLogger - Copying 0 resource
2016-08-22 11:55:44,837 [Worker-34] WARN  o.e.m.c.i.embedder.EclipseLogger - Using platform encoding (Cp1252 actually) to copy filtered resources, i.e. build is platform dependent!
2016-08-22 11:55:44,850 [Worker-34] INFO  o.e.m.c.i.embedder.EclipseLogger - Copying 1 resource
2016-08-22 11:55:44,852 [Worker-34] WARN  o.e.m.c.i.embedder.EclipseLogger - Using platform encoding (Cp1252 actually) to copy filtered resources, i.e. build is platform dependent!
2016-08-22 11:55:44,862 [Worker-34] INFO  o.e.m.c.i.embedder.EclipseLogger - Copying 0 resource
2016-08-22 11:56:01,616 [Worker-34] WARN  o.e.m.c.i.embedder.EclipseLogger - Using platform encoding (Cp1252 actually) to copy filtered resources, i.e. build is platform dependent!
2016-08-22 11:56:01,622 [Worker-34] INFO  o.e.m.c.i.embedder.EclipseLogger - Copying 1 resource
2016-08-22 11:56:01,624 [Worker-34] WARN  o.e.m.c.i.embedder.EclipseLogger - Using platform encoding (Cp1252 actually) to copy filtered resources, i.e. build is platform dependent!
2016-08-22 11:56:01,629 [Worker-34] INFO  o.e.m.c.i.embedder.EclipseLogger - Copying 0 resource
2016-08-22 11:57:01,317 [Worker-35] WARN  o.e.m.c.i.embedder.EclipseLogger - Using platform encoding (Cp1252 actually) to copy filtered resources, i.e. build is platform dependent!
2016-08-22 11:57:01,342 [Worker-35] INFO  o.e.m.c.i.embedder.EclipseLogger - Copying 1 resource
2016-08-22 11:57:01,344 [Worker-35] WARN  o.e.m.c.i.embedder.EclipseLogger - Using platform encoding (Cp1252 actually) to copy filtered resources, i.e. build is platform dependent!
2016-08-22 11:57:01,357 [Worker-35] INFO  o.e.m.c.i.embedder.EclipseLogger - Copying 0 resource
2016-08-22 11:57:18,591 [Worker-38] WARN  o.e.m.c.i.embedder.EclipseLogger - Using platform encoding (Cp1252 actually) to copy filtered resources, i.e. build is platform dependent!
2016-08-22 11:57:18,597 [Worker-38] INFO  o.e.m.c.i.embedder.EclipseLogger - Copying 1 resource
2016-08-22 11:57:18,602 [Worker-38] WARN  o.e.m.c.i.embedder.EclipseLogger - Using platform encoding (Cp1252 actually) to copy filtered resources, i.e. build is platform dependent!
2016-08-22 11:57:18,609 [Worker-38] INFO  o.e.m.c.i.embedder.EclipseLogger - Copying 0 resource
2016-08-22 11:57:28,368 [Worker-36] WARN  o.e.m.c.i.embedder.EclipseLogger - Using platform encoding (Cp1252 actually) to copy filtered resources, i.e. build is platform dependent!
2016-08-22 11:57:28,442 [Worker-36] INFO  o.e.m.c.i.embedder.EclipseLogger - Copying 1 resource
2016-08-22 11:57:28,447 [Worker-36] WARN  o.e.m.c.i.embedder.EclipseLogger - Using platform encoding (Cp1252 actually) to copy filtered resources, i.e. build is platform dependent!
2016-08-22 11:57:28,456 [Worker-36] INFO  o.e.m.c.i.embedder.EclipseLogger - Copying 0 resource
2016-08-22 11:58:35,491 [Worker-35] WARN  o.e.m.c.i.embedder.EclipseLogger - Using platform encoding (Cp1252 actually) to copy filtered resources, i.e. build is platform dependent!
2016-08-22 11:58:35,503 [Worker-35] INFO  o.e.m.c.i.embedder.EclipseLogger - Copying 1 resource
2016-08-22 11:58:35,507 [Worker-35] WARN  o.e.m.c.i.embedder.EclipseLogger - Using platform encoding (Cp1252 actually) to copy filtered resources, i.e. build is platform dependent!
2016-08-22 11:58:35,522 [Worker-35] INFO  o.e.m.c.i.embedder.EclipseLogger - Copying 0 resource
2016-08-22 11:58:48,679 [Worker-37] WARN  o.e.m.c.i.embedder.EclipseLogger - Using platform encoding (Cp1252 actually) to copy filtered resources, i.e. build is platform dependent!
2016-08-22 11:58:48,685 [Worker-37] INFO  o.e.m.c.i.embedder.EclipseLogger - Copying 1 resource
2016-08-22 11:58:48,686 [Worker-37] WARN  o.e.m.c.i.embedder.EclipseLogger - Using platform encoding (Cp1252 actually) to copy filtered resources, i.e. build is platform dependent!
2016-08-22 11:58:48,693 [Worker-37] INFO  o.e.m.c.i.embedder.EclipseLogger - Copying 0 resource
2016-08-22 12:16:10,882 [Worker-44] WARN  o.e.m.c.i.embedder.EclipseLogger - Using platform encoding (Cp1252 actually) to copy filtered resources, i.e. build is platform dependent!
2016-08-22 12:16:10,888 [Worker-44] INFO  o.e.m.c.i.embedder.EclipseLogger - Copying 1 resource
2016-08-22 12:16:10,890 [Worker-44] WARN  o.e.m.c.i.embedder.EclipseLogger - Using platform encoding (Cp1252 actually) to copy filtered resources, i.e. build is platform dependent!
2016-08-22 12:16:10,896 [Worker-44] INFO  o.e.m.c.i.embedder.EclipseLogger - Copying 0 resource
2016-08-22 13:49:36,181 [Worker-77] WARN  o.e.m.c.i.embedder.EclipseLogger - Using platform encoding (Cp1252 actually) to copy filtered resources, i.e. build is platform dependent!
2016-08-22 13:49:36,377 [Worker-77] INFO  o.e.m.c.i.embedder.EclipseLogger - Copying 1 resource
2016-08-22 13:49:36,394 [Worker-77] WARN  o.e.m.c.i.embedder.EclipseLogger - Using platform encoding (Cp1252 actually) to copy filtered resources, i.e. build is platform dependent!
2016-08-22 13:49:36,440 [Worker-77] INFO  o.e.m.c.i.embedder.EclipseLogger - Copying 0 resource
2016-08-22 13:50:04,164 [Worker-70] WARN  o.e.m.c.i.embedder.EclipseLogger - Using platform encoding (Cp1252 actually) to copy filtered resources, i.e. build is platform dependent!
2016-08-22 13:50:04,169 [Worker-70] INFO  o.e.m.c.i.embedder.EclipseLogger - Copying 1 resource
2016-08-22 13:50:04,185 [Worker-70] WARN  o.e.m.c.i.embedder.EclipseLogger - Using platform encoding (Cp1252 actually) to copy filtered resources, i.e. build is platform dependent!
2016-08-22 13:50:04,189 [Worker-70] INFO  o.e.m.c.i.embedder.EclipseLogger - Copying 0 resource
2016-08-22 14:07:13,012 [Worker-83] INFO  o.e.m.c.i.l.LifecycleMappingFactory - Using org.maven.ide.eclipse.wtp.WarLifecycleMapping lifecycle mapping for MavenProject: cs544.mum.edu:EAExtraCreditSpring:0.0.1-SNAPSHOT @ G:\git\EAExtraCreditSpring\EAExtraCreditSpring\pom.xml.
2016-08-22 14:07:18,661 [Worker-83] WARN  o.e.m.c.i.embedder.EclipseLogger - Using platform encoding (Cp1252 actually) to copy filtered resources, i.e. build is platform dependent!
2016-08-22 14:07:18,731 [Worker-83] INFO  o.e.m.c.i.embedder.EclipseLogger - Copying 1 resource
2016-08-22 14:07:18,739 [Worker-83] WARN  o.e.m.c.i.embedder.EclipseLogger - Using platform encoding (Cp1252 actually) to copy filtered resources, i.e. build is platform dependent!
2016-08-22 14:07:18,743 [Worker-83] INFO  o.e.m.c.i.embedder.EclipseLogger - Copying 0 resource
2016-08-22 14:07:18,811 [Worker-83] INFO  o.e.m.w.i.f.ResourceFilteringBuildParticipant - Changed resources require a complete clean of filtered resources of EAExtraCreditSpring
2016-08-22 14:07:18,811 [Worker-83] INFO  o.e.m.w.i.f.ResourceFilteringBuildParticipant - Executing resource filtering for EAExtraCreditSpring
2016-08-22 14:07:18,883 [Worker-83] WARN  o.e.m.c.i.embedder.EclipseLogger - Using platform encoding (Cp1252 actually) to copy filtered resources, i.e. build is platform dependent!
2016-08-22 14:07:47,302 [Worker-84] INFO  o.e.m.c.i.l.LifecycleMappingFactory - Using org.eclipse.m2e.jdt.JarLifecycleMapping lifecycle mapping for MavenProject: cs544.mum.edu:EAExtraCreditSpring:0.0.1-SNAPSHOT @ G:\git\EAExtraCreditSpring\EAExtraCreditSpring\pom.xml.
2016-08-22 14:07:48,682 [Worker-84] WARN  o.e.m.c.i.embedder.EclipseLogger - Using platform encoding (Cp1252 actually) to copy filtered resources, i.e. build is platform dependent!
2016-08-22 14:07:48,728 [Worker-84] INFO  o.e.m.c.i.embedder.EclipseLogger - Copying 0 resource
2016-08-22 14:07:48,730 [Worker-84] WARN  o.e.m.c.i.embedder.EclipseLogger - Using platform encoding (Cp1252 actually) to copy filtered resources, i.e. build is platform dependent!
2016-08-22 14:07:48,737 [Worker-84] INFO  o.e.m.c.i.embedder.EclipseLogger - Copying 0 resource
2016-08-22 14:08:23,697 [Worker-81] INFO  o.e.m.c.i.l.LifecycleMappingFactory - Using org.maven.ide.eclipse.wtp.WarLifecycleMapping lifecycle mapping for MavenProject: cs544.mum.edu:EAExtraCreditSpring:0.0.1-SNAPSHOT @ G:\git\EAExtraCreditSpring\EAExtraCreditSpring\pom.xml.
2016-08-22 14:08:26,090 [Worker-81] WARN  o.e.m.c.i.embedder.EclipseLogger - Using platform encoding (Cp1252 actually) to copy filtered resources, i.e. build is platform dependent!
2016-08-22 14:08:26,461 [Worker-81] INFO  o.e.m.c.i.embedder.EclipseLogger - Copying 0 resource
2016-08-22 14:08:26,464 [Worker-81] WARN  o.e.m.c.i.embedder.EclipseLogger - Using platform encoding (Cp1252 actually) to copy filtered resources, i.e. build is platform dependent!
2016-08-22 14:08:26,534 [Worker-81] INFO  o.e.m.c.i.embedder.EclipseLogger - Copying 0 resource
2016-08-22 14:08:26,535 [Worker-81] INFO  o.e.m.w.i.f.ResourceFilteringBuildParticipant - Changed resources require a complete clean of filtered resources of EAExtraCreditSpring
2016-08-22 14:08:26,535 [Worker-81] INFO  o.e.m.w.i.f.ResourceFilteringBuildParticipant - Executing resource filtering for EAExtraCreditSpring
2016-08-22 14:08:26,540 [Worker-81] WARN  o.e.m.c.i.embedder.EclipseLogger - Using platform encoding (Cp1252 actually) to copy filtered resources, i.e. build is platform dependent!
2016-08-22 14:08:54,417 [Worker-82] WARN  o.e.m.c.i.embedder.EclipseLogger - Using platform encoding (Cp1252 actually) to copy filtered resources, i.e. build is platform dependent!
2016-08-22 14:08:54,469 [Worker-82] INFO  o.e.m.c.i.embedder.EclipseLogger - Copying 1 resource
2016-08-22 14:08:54,480 [Worker-82] WARN  o.e.m.c.i.embedder.EclipseLogger - Using platform encoding (Cp1252 actually) to copy filtered resources, i.e. build is platform dependent!
2016-08-22 14:08:54,495 [Worker-82] INFO  o.e.m.c.i.embedder.EclipseLogger - Copying 0 resource
2016-08-22 14:16:07,717 [Worker-83] INFO  o.e.m.c.i.l.LifecycleMappingFactory - Using org.maven.ide.eclipse.wtp.WarLifecycleMapping lifecycle mapping for MavenProject: cs544.mum.edu:EAExtraCreditSpring:0.0.1-SNAPSHOT @ G:\git\EAExtraCreditSpring\EAExtraCreditSpring\pom.xml.
2016-08-22 14:16:08,608 [Worker-83] INFO  o.e.m.c.i.e.AbstractTransferListenerAdapter - Downloading https://repo.maven.apache.org/maven2/org/springframework/data/spring-data-jpa/1.10.1.RELEASE/spring-data-jpa-1.10.1.RELEASE.pom
2016-08-22 14:16:08,700 [Worker-83] INFO  o.e.m.c.i.e.AbstractTransferListenerAdapter - Downloaded https://repo.maven.apache.org/maven2/org/springframework/data/spring-data-jpa/1.10.1.RELEASE/spring-data-jpa-1.10.1.RELEASE.pom
2016-08-22 14:16:08,765 [Worker-83] INFO  o.e.m.c.i.e.AbstractTransferListenerAdapter - Downloading https://repo.maven.apache.org/maven2/org/springframework/data/build/spring-data-parent/1.8.1.RELEASE/spring-data-parent-1.8.1.RELEASE.pom
2016-08-22 14:16:08,805 [Worker-83] INFO  o.e.m.c.i.e.AbstractTransferListenerAdapter - Downloaded https://repo.maven.apache.org/maven2/org/springframework/data/build/spring-data-parent/1.8.1.RELEASE/spring-data-parent-1.8.1.RELEASE.pom
2016-08-22 14:16:08,834 [Worker-83] INFO  o.e.m.c.i.e.AbstractTransferListenerAdapter - Downloading https://repo.maven.apache.org/maven2/org/springframework/data/build/spring-data-build/1.8.1.RELEASE/spring-data-build-1.8.1.RELEASE.pom
2016-08-22 14:16:08,867 [Worker-83] INFO  o.e.m.c.i.e.AbstractTransferListenerAdapter - Downloaded https://repo.maven.apache.org/maven2/org/springframework/data/build/spring-data-build/1.8.1.RELEASE/spring-data-build-1.8.1.RELEASE.pom
2016-08-22 14:16:08,923 [Worker-83] INFO  o.e.m.c.i.e.AbstractTransferListenerAdapter - Downloading https://repo.maven.apache.org/maven2/org/springframework/spring-framework-bom/4.2.5.RELEASE/spring-framework-bom-4.2.5.RELEASE.pom
2016-08-22 14:16:08,952 [Worker-83] INFO  o.e.m.c.i.e.AbstractTransferListenerAdapter - Downloaded https://repo.maven.apache.org/maven2/org/springframework/spring-framework-bom/4.2.5.RELEASE/spring-framework-bom-4.2.5.RELEASE.pom
2016-08-22 14:16:08,982 [Worker-83] INFO  o.e.m.c.i.e.AbstractTransferListenerAdapter - Downloading https://repo.maven.apache.org/maven2/org/springframework/data/spring-data-commons/1.12.1.RELEASE/spring-data-commons-1.12.1.RELEASE.pom
2016-08-22 14:16:09,008 [Worker-83] INFO  o.e.m.c.i.e.AbstractTransferListenerAdapter - Downloaded https://repo.maven.apache.org/maven2/org/springframework/data/spring-data-commons/1.12.1.RELEASE/spring-data-commons-1.12.1.RELEASE.pom
2016-08-22 14:16:09,037 [Worker-83] INFO  o.e.m.c.i.e.AbstractTransferListenerAdapter - Downloading https://repo.maven.apache.org/maven2/org/springframework/spring-core/4.2.5.RELEASE/spring-core-4.2.5.RELEASE.pom
2016-08-22 14:16:09,066 [Worker-83] INFO  o.e.m.c.i.e.AbstractTransferListenerAdapter - Downloaded https://repo.maven.apache.org/maven2/org/springframework/spring-core/4.2.5.RELEASE/spring-core-4.2.5.RELEASE.pom
2016-08-22 14:16:09,093 [Worker-83] INFO  o.e.m.c.i.e.AbstractTransferListenerAdapter - Downloading https://repo.maven.apache.org/maven2/org/springframework/spring-beans/4.2.5.RELEASE/spring-beans-4.2.5.RELEASE.pom
2016-08-22 14:16:09,123 [Worker-83] INFO  o.e.m.c.i.e.AbstractTransferListenerAdapter - Downloaded https://repo.maven.apache.org/maven2/org/springframework/spring-beans/4.2.5.RELEASE/spring-beans-4.2.5.RELEASE.pom
2016-08-22 14:16:09,150 [Worker-83] INFO  o.e.m.c.i.e.AbstractTransferListenerAdapter - Downloading https://repo.maven.apache.org/maven2/org/slf4j/slf4j-api/1.7.19/slf4j-api-1.7.19.pom
2016-08-22 14:16:09,189 [Worker-83] INFO  o.e.m.c.i.e.AbstractTransferListenerAdapter - Downloaded https://repo.maven.apache.org/maven2/org/slf4j/slf4j-api/1.7.19/slf4j-api-1.7.19.pom
2016-08-22 14:16:09,214 [Worker-83] INFO  o.e.m.c.i.e.AbstractTransferListenerAdapter - Downloading https://repo.maven.apache.org/maven2/org/slf4j/slf4j-parent/1.7.19/slf4j-parent-1.7.19.pom
2016-08-22 14:16:09,254 [Worker-83] INFO  o.e.m.c.i.e.AbstractTransferListenerAdapter - Downloaded https://repo.maven.apache.org/maven2/org/slf4j/slf4j-parent/1.7.19/slf4j-parent-1.7.19.pom
2016-08-22 14:16:09,285 [Worker-83] INFO  o.e.m.c.i.e.AbstractTransferListenerAdapter - Downloading https://repo.maven.apache.org/maven2/org/slf4j/jcl-over-slf4j/1.7.19/jcl-over-slf4j-1.7.19.pom
2016-08-22 14:16:09,319 [Worker-83] INFO  o.e.m.c.i.e.AbstractTransferListenerAdapter - Downloaded https://repo.maven.apache.org/maven2/org/slf4j/jcl-over-slf4j/1.7.19/jcl-over-slf4j-1.7.19.pom
2016-08-22 14:16:09,352 [Worker-83] INFO  o.e.m.c.i.e.AbstractTransferListenerAdapter - Downloading https://repo.maven.apache.org/maven2/org/springframework/spring-orm/4.2.5.RELEASE/spring-orm-4.2.5.RELEASE.pom
2016-08-22 14:16:09,405 [Worker-83] INFO  o.e.m.c.i.e.AbstractTransferListenerAdapter - Downloaded https://repo.maven.apache.org/maven2/org/springframework/spring-orm/4.2.5.RELEASE/spring-orm-4.2.5.RELEASE.pom
2016-08-22 14:16:09,437 [Worker-83] INFO  o.e.m.c.i.e.AbstractTransferListenerAdapter - Downloading https://repo.maven.apache.org/maven2/org/springframework/spring-jdbc/4.2.5.RELEASE/spring-jdbc-4.2.5.RELEASE.pom
2016-08-22 14:16:09,486 [Worker-83] INFO  o.e.m.c.i.e.AbstractTransferListenerAdapter - Downloaded https://repo.maven.apache.org/maven2/org/springframework/spring-jdbc/4.2.5.RELEASE/spring-jdbc-4.2.5.RELEASE.pom
2016-08-22 14:16:09,514 [Worker-83] INFO  o.e.m.c.i.e.AbstractTransferListenerAdapter - Downloading https://repo.maven.apache.org/maven2/org/springframework/spring-tx/4.2.5.RELEASE/spring-tx-4.2.5.RELEASE.pom
2016-08-22 14:16:09,541 [Worker-83] INFO  o.e.m.c.i.e.AbstractTransferListenerAdapter - Downloaded https://repo.maven.apache.org/maven2/org/springframework/spring-tx/4.2.5.RELEASE/spring-tx-4.2.5.RELEASE.pom
2016-08-22 14:16:09,569 [Worker-83] INFO  o.e.m.c.i.e.AbstractTransferListenerAdapter - Downloading https://repo.maven.apache.org/maven2/org/springframework/spring-context/4.2.5.RELEASE/spring-context-4.2.5.RELEASE.pom
2016-08-22 14:16:09,600 [Worker-83] INFO  o.e.m.c.i.e.AbstractTransferListenerAdapter - Downloaded https://repo.maven.apache.org/maven2/org/springframework/spring-context/4.2.5.RELEASE/spring-context-4.2.5.RELEASE.pom
2016-08-22 14:16:09,627 [Worker-83] INFO  o.e.m.c.i.e.AbstractTransferListenerAdapter - Downloading https://repo.maven.apache.org/maven2/org/springframework/spring-aop/4.2.5.RELEASE/spring-aop-4.2.5.RELEASE.pom
2016-08-22 14:16:09,654 [Worker-83] INFO  o.e.m.c.i.e.AbstractTransferListenerAdapter - Downloaded https://repo.maven.apache.org/maven2/org/springframework/spring-aop/4.2.5.RELEASE/spring-aop-4.2.5.RELEASE.pom
2016-08-22 14:16:09,682 [Worker-83] INFO  o.e.m.c.i.e.AbstractTransferListenerAdapter - Downloading https://repo.maven.apache.org/maven2/org/springframework/spring-expression/4.2.5.RELEASE/spring-expression-4.2.5.RELEASE.pom
2016-08-22 14:16:09,709 [Worker-83] INFO  o.e.m.c.i.e.AbstractTransferListenerAdapter - Downloaded https://repo.maven.apache.org/maven2/org/springframework/spring-expression/4.2.5.RELEASE/spring-expression-4.2.5.RELEASE.pom
2016-08-22 14:16:09,737 [Worker-83] INFO  o.e.m.c.i.e.AbstractTransferListenerAdapter - Downloading https://repo.maven.apache.org/maven2/org/aspectj/aspectjrt/1.8.9/aspectjrt-1.8.9.pom
2016-08-22 14:16:09,766 [Worker-83] INFO  o.e.m.c.i.e.AbstractTransferListenerAdapter - Downloaded https://repo.maven.apache.org/maven2/org/aspectj/aspectjrt/1.8.9/aspectjrt-1.8.9.pom
2016-08-22 14:16:09,809 [Worker-83] INFO  o.e.m.c.i.e.AbstractTransferListenerAdapter - Downloading https://repo.maven.apache.org/maven2/org/springframework/data/spring-data-jpa/1.10.1.RELEASE/spring-data-jpa-1.10.1.RELEASE.jar
2016-08-22 14:16:10,011 [Worker-83] INFO  o.e.m.c.i.e.AbstractTransferListenerAdapter - Downloaded https://repo.maven.apache.org/maven2/org/springframework/data/spring-data-jpa/1.10.1.RELEASE/spring-data-jpa-1.10.1.RELEASE.jar
2016-08-22 14:16:10,028 [Worker-83] INFO  o.e.m.c.i.e.AbstractTransferListenerAdapter - Downloading https://repo.maven.apache.org/maven2/org/springframework/data/spring-data-commons/1.12.1.RELEASE/spring-data-commons-1.12.1.RELEASE.jar
2016-08-22 14:16:10,190 [Worker-83] INFO  o.e.m.c.i.e.AbstractTransferListenerAdapter - Downloaded https://repo.maven.apache.org/maven2/org/springframework/data/spring-data-commons/1.12.1.RELEASE/spring-data-commons-1.12.1.RELEASE.jar
2016-08-22 14:16:10,209 [Worker-83] INFO  o.e.m.c.i.e.AbstractTransferListenerAdapter - Downloading https://repo.maven.apache.org/maven2/org/slf4j/slf4j-api/1.7.19/slf4j-api-1.7.19.jar
2016-08-22 14:16:10,342 [Worker-83] INFO  o.e.m.c.i.e.AbstractTransferListenerAdapter - Downloaded https://repo.maven.apache.org/maven2/org/slf4j/slf4j-api/1.7.19/slf4j-api-1.7.19.jar
2016-08-22 14:16:10,359 [Worker-83] INFO  o.e.m.c.i.e.AbstractTransferListenerAdapter - Downloading https://repo.maven.apache.org/maven2/org/slf4j/jcl-over-slf4j/1.7.19/jcl-over-slf4j-1.7.19.jar
2016-08-22 14:16:10,459 [Worker-83] INFO  o.e.m.c.i.e.AbstractTransferListenerAdapter - Downloaded https://repo.maven.apache.org/maven2/org/slf4j/jcl-over-slf4j/1.7.19/jcl-over-slf4j-1.7.19.jar
2016-08-22 14:16:12,720 [Worker-83] WARN  o.e.m.c.i.embedder.EclipseLogger - Using platform encoding (Cp1252 actually) to copy filtered resources, i.e. build is platform dependent!
2016-08-22 14:16:12,769 [Worker-83] INFO  o.e.m.c.i.embedder.EclipseLogger - Copying 0 resource
2016-08-22 14:16:12,773 [Worker-83] WARN  o.e.m.c.i.embedder.EclipseLogger - Using platform encoding (Cp1252 actually) to copy filtered resources, i.e. build is platform dependent!
2016-08-22 14:16:12,781 [Worker-83] INFO  o.e.m.c.i.embedder.EclipseLogger - Copying 0 resource
2016-08-22 14:16:12,781 [Worker-83] INFO  o.e.m.w.i.f.ResourceFilteringBuildParticipant - Changed resources require a complete clean of filtered resources of EAExtraCreditSpring
2016-08-22 14:16:12,782 [Worker-83] INFO  o.e.m.w.i.f.ResourceFilteringBuildParticipant - Executing resource filtering for EAExtraCreditSpring
2016-08-22 14:16:12,788 [Worker-83] WARN  o.e.m.c.i.embedder.EclipseLogger - Using platform encoding (Cp1252 actually) to copy filtered resources, i.e. build is platform dependent!
2016-08-22 14:16:14,173 [Worker-90] WARN  o.e.m.c.i.embedder.EclipseLogger - Using platform encoding (Cp1252 actually) to copy filtered resources, i.e. build is platform dependent!
2016-08-22 14:16:14,180 [Worker-90] INFO  o.e.m.c.i.embedder.EclipseLogger - Copying 1 resource
2016-08-22 14:16:14,189 [Worker-90] WARN  o.e.m.c.i.embedder.EclipseLogger - Using platform encoding (Cp1252 actually) to copy filtered resources, i.e. build is platform dependent!
2016-08-22 14:16:14,197 [Worker-90] INFO  o.e.m.c.i.embedder.EclipseLogger - Copying 0 resource
2016-08-22 14:16:26,325 [Worker-87] WARN  o.e.m.c.i.embedder.EclipseLogger - Using platform encoding (Cp1252 actually) to copy filtered resources, i.e. build is platform dependent!
2016-08-22 14:16:26,332 [Worker-87] INFO  o.e.m.c.i.embedder.EclipseLogger - Copying 1 resource
2016-08-22 14:16:26,333 [Worker-87] WARN  o.e.m.c.i.embedder.EclipseLogger - Using platform encoding (Cp1252 actually) to copy filtered resources, i.e. build is platform dependent!
2016-08-22 14:16:26,339 [Worker-87] INFO  o.e.m.c.i.embedder.EclipseLogger - Copying 0 resource
2016-08-22 14:17:56,387 [Worker-92] WARN  o.e.m.c.i.embedder.EclipseLogger - Using platform encoding (Cp1252 actually) to copy filtered resources, i.e. build is platform dependent!
2016-08-22 14:17:56,406 [Worker-92] INFO  o.e.m.c.i.embedder.EclipseLogger - Copying 1 resource
2016-08-22 14:17:56,408 [Worker-92] WARN  o.e.m.c.i.embedder.EclipseLogger - Using platform encoding (Cp1252 actually) to copy filtered resources, i.e. build is platform dependent!
2016-08-22 14:17:56,417 [Worker-92] INFO  o.e.m.c.i.embedder.EclipseLogger - Copying 0 resource
2016-08-22 14:18:48,859 [Worker-90] WARN  o.e.m.c.i.embedder.EclipseLogger - Using platform encoding (Cp1252 actually) to copy filtered resources, i.e. build is platform dependent!
2016-08-22 14:18:48,864 [Worker-90] INFO  o.e.m.c.i.embedder.EclipseLogger - Copying 1 resource
2016-08-22 14:18:48,865 [Worker-90] WARN  o.e.m.c.i.embedder.EclipseLogger - Using platform encoding (Cp1252 actually) to copy filtered resources, i.e. build is platform dependent!
2016-08-22 14:18:48,870 [Worker-90] INFO  o.e.m.c.i.embedder.EclipseLogger - Copying 0 resource
2016-08-22 14:19:32,355 [Worker-90] WARN  o.e.m.c.i.embedder.EclipseLogger - Using platform encoding (Cp1252 actually) to copy filtered resources, i.e. build is platform dependent!
2016-08-22 14:19:32,367 [Worker-90] INFO  o.e.m.c.i.embedder.EclipseLogger - Copying 1 resource
2016-08-22 14:19:32,369 [Worker-90] WARN  o.e.m.c.i.embedder.EclipseLogger - Using platform encoding (Cp1252 actually) to copy filtered resources, i.e. build is platform dependent!
2016-08-22 14:19:32,376 [Worker-90] INFO  o.e.m.c.i.embedder.EclipseLogger - Copying 0 resource
2016-08-22 14:20:01,522 [Worker-87] WARN  o.e.m.c.i.embedder.EclipseLogger - Using platform encoding (Cp1252 actually) to copy filtered resources, i.e. build is platform dependent!
2016-08-22 14:20:01,566 [Worker-87] INFO  o.e.m.c.i.embedder.EclipseLogger - Copying 1 resource
2016-08-22 14:20:01,567 [Worker-87] WARN  o.e.m.c.i.embedder.EclipseLogger - Using platform encoding (Cp1252 actually) to copy filtered resources, i.e. build is platform dependent!
2016-08-22 14:20:01,572 [Worker-87] INFO  o.e.m.c.i.embedder.EclipseLogger - Copying 0 resource
2016-08-22 14:21:54,394 [Worker-92] WARN  o.e.m.c.i.embedder.EclipseLogger - Using platform encoding (Cp1252 actually) to copy filtered resources, i.e. build is platform dependent!
2016-08-22 14:21:54,438 [Worker-92] INFO  o.e.m.c.i.embedder.EclipseLogger - Copying 1 resource
2016-08-22 14:21:54,439 [Worker-92] WARN  o.e.m.c.i.embedder.EclipseLogger - Using platform encoding (Cp1252 actually) to copy filtered resources, i.e. build is platform dependent!
2016-08-22 14:21:54,443 [Worker-92] INFO  o.e.m.c.i.embedder.EclipseLogger - Copying 0 resource
2016-08-22 14:30:06,744 [Worker-89] WARN  o.e.m.c.i.embedder.EclipseLogger - Using platform encoding (Cp1252 actually) to copy filtered resources, i.e. build is platform dependent!
2016-08-22 14:30:06,807 [Worker-89] INFO  o.e.m.c.i.embedder.EclipseLogger - Copying 1 resource
2016-08-22 14:30:06,808 [Worker-89] WARN  o.e.m.c.i.embedder.EclipseLogger - Using platform encoding (Cp1252 actually) to copy filtered resources, i.e. build is platform dependent!
2016-08-22 14:30:06,813 [Worker-89] INFO  o.e.m.c.i.embedder.EclipseLogger - Copying 0 resource
2016-08-22 14:30:12,289 [Worker-95] WARN  o.e.m.c.i.embedder.EclipseLogger - Using platform encoding (Cp1252 actually) to copy filtered resources, i.e. build is platform dependent!
2016-08-22 14:30:12,295 [Worker-95] INFO  o.e.m.c.i.embedder.EclipseLogger - Copying 1 resource
2016-08-22 14:30:12,296 [Worker-95] WARN  o.e.m.c.i.embedder.EclipseLogger - Using platform encoding (Cp1252 actually) to copy filtered resources, i.e. build is platform dependent!
2016-08-22 14:30:12,302 [Worker-95] INFO  o.e.m.c.i.embedder.EclipseLogger - Copying 0 resource
2016-08-22 14:30:17,092 [Worker-95] WARN  o.e.m.c.i.embedder.EclipseLogger - Using platform encoding (Cp1252 actually) to copy filtered resources, i.e. build is platform dependent!
2016-08-22 14:30:17,096 [Worker-95] INFO  o.e.m.c.i.embedder.EclipseLogger - Copying 1 resource
2016-08-22 14:30:17,099 [Worker-95] WARN  o.e.m.c.i.embedder.EclipseLogger - Using platform encoding (Cp1252 actually) to copy filtered resources, i.e. build is platform dependent!
2016-08-22 14:30:17,103 [Worker-95] INFO  o.e.m.c.i.embedder.EclipseLogger - Copying 0 resource
2016-08-22 14:30:48,504 [Worker-89] WARN  o.e.m.c.i.embedder.EclipseLogger - Using platform encoding (Cp1252 actually) to copy filtered resources, i.e. build is platform dependent!
2016-08-22 14:30:48,509 [Worker-89] INFO  o.e.m.c.i.embedder.EclipseLogger - Copying 1 resource
2016-08-22 14:30:48,510 [Worker-89] WARN  o.e.m.c.i.embedder.EclipseLogger - Using platform encoding (Cp1252 actually) to copy filtered resources, i.e. build is platform dependent!
2016-08-22 14:30:48,514 [Worker-89] INFO  o.e.m.c.i.embedder.EclipseLogger - Copying 0 resource
2016-08-22 14:30:55,962 [Worker-100] WARN  o.e.m.c.i.embedder.EclipseLogger - Using platform encoding (Cp1252 actually) to copy filtered resources, i.e. build is platform dependent!
2016-08-22 14:30:55,969 [Worker-100] INFO  o.e.m.c.i.embedder.EclipseLogger - Copying 1 resource
2016-08-22 14:30:55,971 [Worker-100] WARN  o.e.m.c.i.embedder.EclipseLogger - Using platform encoding (Cp1252 actually) to copy filtered resources, i.e. build is platform dependent!
2016-08-22 14:30:55,982 [Worker-100] INFO  o.e.m.c.i.embedder.EclipseLogger - Copying 0 resource
2016-08-22 14:31:23,117 [Worker-89] WARN  o.e.m.c.i.embedder.EclipseLogger - Using platform encoding (Cp1252 actually) to copy filtered resources, i.e. build is platform dependent!
2016-08-22 14:31:23,123 [Worker-89] INFO  o.e.m.c.i.embedder.EclipseLogger - Copying 1 resource
2016-08-22 14:31:23,124 [Worker-89] WARN  o.e.m.c.i.embedder.EclipseLogger - Using platform encoding (Cp1252 actually) to copy filtered resources, i.e. build is platform dependent!
2016-08-22 14:31:23,128 [Worker-89] INFO  o.e.m.c.i.embedder.EclipseLogger - Copying 0 resource
2016-08-22 14:38:33,020 [Worker-101] WARN  o.e.m.c.i.embedder.EclipseLogger - Using platform encoding (Cp1252 actually) to copy filtered resources, i.e. build is platform dependent!
2016-08-22 14:38:33,077 [Worker-101] INFO  o.e.m.c.i.embedder.EclipseLogger - Copying 1 resource
2016-08-22 14:38:33,079 [Worker-101] WARN  o.e.m.c.i.embedder.EclipseLogger - Using platform encoding (Cp1252 actually) to copy filtered resources, i.e. build is platform dependent!
2016-08-22 14:38:33,085 [Worker-101] INFO  o.e.m.c.i.embedder.EclipseLogger - Copying 0 resource
2016-08-22 14:39:20,347 [Worker-97] WARN  o.e.m.c.i.embedder.EclipseLogger - Using platform encoding (Cp1252 actually) to copy filtered resources, i.e. build is platform dependent!
2016-08-22 14:39:20,398 [Worker-97] INFO  o.e.m.c.i.embedder.EclipseLogger - Copying 1 resource
2016-08-22 14:39:20,400 [Worker-97] WARN  o.e.m.c.i.embedder.EclipseLogger - Using platform encoding (Cp1252 actually) to copy filtered resources, i.e. build is platform dependent!
2016-08-22 14:39:20,406 [Worker-97] INFO  o.e.m.c.i.embedder.EclipseLogger - Copying 0 resource
2016-08-22 14:39:27,260 [Worker-106] WARN  o.e.m.c.i.embedder.EclipseLogger - Using platform encoding (Cp1252 actually) to copy filtered resources, i.e. build is platform dependent!
2016-08-22 14:39:27,286 [Worker-106] INFO  o.e.m.c.i.embedder.EclipseLogger - Copying 1 resource
2016-08-22 14:39:27,287 [Worker-106] WARN  o.e.m.c.i.embedder.EclipseLogger - Using platform encoding (Cp1252 actually) to copy filtered resources, i.e. build is platform dependent!
2016-08-22 14:39:27,291 [Worker-106] INFO  o.e.m.c.i.embedder.EclipseLogger - Copying 0 resource
2016-08-22 18:28:39,137 [Worker-7] INFO  o.e.m.c.i.l.LifecycleMappingFactory - Using org.maven.ide.eclipse.wtp.WarLifecycleMapping lifecycle mapping for MavenProject: cs544.mum.edu:EAExtraCreditSpring:0.0.1-SNAPSHOT @ G:\git\EAExtraCreditSpring\EAExtraCreditSpring\pom.xml.
2016-08-22 18:28:39,137 [Worker-6] INFO  o.e.m.c.i.l.LifecycleMappingFactory - Using org.maven.ide.eclipse.wtp.WarLifecycleMapping lifecycle mapping for MavenProject: cs544.mum.edu:EAExtraCreditSpring:0.0.1-SNAPSHOT @ G:\git\EAExtraCreditSpring\EAExtraCreditSpring\pom.xml.
2016-08-22 18:28:47,208 [Worker-7] WARN  o.e.m.c.i.embedder.EclipseLogger - Using platform encoding (Cp1252 actually) to copy filtered resources, i.e. build is platform dependent!
2016-08-22 18:28:47,398 [Worker-7] INFO  o.e.m.c.i.embedder.EclipseLogger - Copying 1 resource
2016-08-22 18:28:49,831 [Worker-9] INFO  o.e.m.c.i.l.LifecycleMappingFactory - Using org.maven.ide.eclipse.wtp.WarLifecycleMapping lifecycle mapping for MavenProject: cs544.mum.edu:EAExtraCreditSpring:0.0.1-SNAPSHOT @ G:\git\EAExtraCreditSpring\EAExtraCreditSpring\pom.xml.
2016-08-22 18:28:49,842 [Worker-7] WARN  o.e.m.c.i.embedder.EclipseLogger - Using platform encoding (Cp1252 actually) to copy filtered resources, i.e. build is platform dependent!
2016-08-22 18:28:49,911 [Worker-7] INFO  o.e.m.c.i.embedder.EclipseLogger - Copying 0 resource
2016-08-22 18:28:55,317 [Worker-7] WARN  o.e.m.c.i.embedder.EclipseLogger - Using platform encoding (Cp1252 actually) to copy filtered resources, i.e. build is platform dependent!
2016-08-22 18:28:55,378 [Worker-7] INFO  o.e.m.c.i.embedder.EclipseLogger - Copying 0 resource
2016-08-22 18:28:55,379 [Worker-7] WARN  o.e.m.c.i.embedder.EclipseLogger - Using platform encoding (Cp1252 actually) to copy filtered resources, i.e. build is platform dependent!
2016-08-22 18:28:55,386 [Worker-7] INFO  o.e.m.c.i.embedder.EclipseLogger - Copying 0 resource
